app/build/outputs/logs/manifest-merger-debug-report.txt
-- Merging decision tree log ---
manifest
ADDED from src\main\AndroidManifest.xml:1:1-90:12
INJECTED from src\main\AndroidManifest.xml:1:1-90:12
INJECTED from src\main\AndroidManifest.xml:1:1-90:12
INJECTED from src\main\AndroidManifest.xml:1:1-90:12
INJECTED from src\main\AndroidManifest.xml:1:1-90:12
INJECTED from src\main\AndroidManifest.xml:1:1-90:12
INJECTED from src\main\AndroidManifest.xml:1:1-90:12
	package
		ADDED from src\main\AndroidManifest.xml:2:5-39
		INJECTED from src\main\AndroidManifest.xml
		INJECTED from src\main\AndroidManifest.xml
	android:versionName
		ADDED from src\main\AndroidManifest.xml:4:5-34
		INJECTED from src\main\AndroidManifest.xml
		INJECTED from src\main\AndroidManifest.xml
	xmlns:android
		ADDED from src\main\AndroidManifest.xml:1:11-69
	android:versionCode
		ADDED from src\main\AndroidManifest.xml:3:5-29
		INJECTED from src\main\AndroidManifest.xml
		INJECTED from src\main\AndroidManifest.xml
uses-permission#android.permission.VIBRATE
ADDED from src\main\AndroidManifest.xml:6:5-65
	android:name
		ADDED from src\main\AndroidManifest.xml:6:22-63
uses-permission#android.permission.RECEIVE_BOOT_COMPLETED
ADDED from src\main\AndroidManifest.xml:7:5-80
	android:name
		ADDED from src\main\AndroidManifest.xml:7:22-78
application
ADDED from src\main\AndroidManifest.xml:9:5-89:19
	android:label
		ADDED from src\main\AndroidManifest.xml:9:55-87
	android:windowSoftInputMode
		ADDED from src\main\AndroidManifest.xml:9:88-132
	android:icon
		ADDED from src\main\AndroidManifest.xml:9:18-54
activity#com.timestamp.calculator.MainActivity
ADDED from src\main\AndroidManifest.xml:11:9-16:20
	android:label
		ADDED from src\main\AndroidManifest.xml:11:48-91
	android:name
		ADDED from src\main\AndroidManifest.xml:11:19-47
intent-filter#action:name:android.intent.action.MAIN+category:name:android.intent.category.LAUNCHER
ADDED from src\main\AndroidManifest.xml:12:13-15:29
action#android.intent.action.MAIN
ADDED from src\main\AndroidManifest.xml:13:17-69
	android:name
		ADDED from src\main\AndroidManifest.xml:13:25-66
category#android.intent.category.LAUNCHER
ADDED from src\main\AndroidManifest.xml:14:17-77
	android:name
		ADDED from src\main\AndroidManifest.xml:14:27-74
activity#com.timestamp.calculator.ConvertingActivity
ADDED from src\main\AndroidManifest.xml:18:9-23:20
	android:label
		ADDED from src\main\AndroidManifest.xml:18:54-97
	android:name
		ADDED from src\main\AndroidManifest.xml:18:19-53
intent-filter#action:name:android.intent.action.VIEW+category:name:android.intent.category.DEFAULT
ADDED from src\main\AndroidManifest.xml:19:13-22:29
action#android.intent.action.VIEW
ADDED from src\main\AndroidManifest.xml:20:17-69
	android:name
		ADDED from src\main\AndroidManifest.xml:20:25-66
category#android.intent.category.DEFAULT
ADDED from src\main\AndroidManifest.xml:21:17-76
	android:name
		ADDED from src\main\AndroidManifest.xml:21:27-73
activity#com.timestamp.calculator.SelectFormActivity
ADDED from src\main\AndroidManifest.xml:25:9-30:20
	android:label
		ADDED from src\main\AndroidManifest.xml:25:54-97
	android:name
		ADDED from src\main\AndroidManifest.xml:25:19-53
activity#com.timestamp.calculator.SettingsActivity
ADDED from src\main\AndroidManifest.xml:32:9-37:20
	android:label
		ADDED from src\main\AndroidManifest.xml:32:52-89
	android:name
		ADDED from src\main\AndroidManifest.xml:32:19-51
activity#com.timestamp.calculator.AboutActivity
ADDED from src\main\AndroidManifest.xml:39:3-44:20
	android:label
		ADDED from src\main\AndroidManifest.xml:39:43-86
	android:name
		ADDED from src\main\AndroidManifest.xml:39:13-42
activity#com.timestamp.calculator.HelpActivity
ADDED from src\main\AndroidManifest.xml:46:3-51:20
	android:label
		ADDED from src\main\AndroidManifest.xml:46:42-75
	android:name
		ADDED from src\main\AndroidManifest.xml:46:13-41
activity#com.timestamp.calculator.FormatSettingActivity
ADDED from src\main\AndroidManifest.xml:53:3-58:14
	android:label
		ADDED from src\main\AndroidManifest.xml:53:51-84
	android:name
		ADDED from src\main\AndroidManifest.xml:53:13-50
receiver#com.timestamp.calculator.TCAppWidgetProvider
ADDED from src\main\AndroidManifest.xml:60:3-67:14
	android:label
		ADDED from src\main\AndroidManifest.xml:60:49-90
	android:name
		ADDED from src\main\AndroidManifest.xml:60:13-48
intent-filter#action:name:android.appwidget.action.APPWIDGET_DISABLED+action:name:android.appwidget.action.APPWIDGET_UPDATE
ADDED from src\main\AndroidManifest.xml:61:13-64:29
action#android.appwidget.action.APPWIDGET_UPDATE
ADDED from src\main\AndroidManifest.xml:62:17-84
	android:name
		ADDED from src\main\AndroidManifest.xml:62:25-81
action#android.appwidget.action.APPWIDGET_DISABLED
ADDED from src\main\AndroidManifest.xml:63:5-74
	android:name
		ADDED from src\main\AndroidManifest.xml:63:13-71
meta-data#android.appwidget.provider
ADDED from src\main\AndroidManifest.xml:66:13-103
	android:resource
		ADDED from src\main\AndroidManifest.xml:66:66-101
	android:name
		ADDED from src\main\AndroidManifest.xml:66:24-65
receiver#com.timestamp.calculator.TCAppHexWidgetProvider
ADDED from src\main\AndroidManifest.xml:69:9-76:20
	android:label
		ADDED from src\main\AndroidManifest.xml:69:58-102
	android:name
		ADDED from src\main\AndroidManifest.xml:69:19-57
service#com.timestamp.calculator.TCAppWidgetService
ADDED from src\main\AndroidManifest.xml:78:3-82:13
	android:exported
		ADDED from src\main\AndroidManifest.xml:78:47-71
	android:name
		ADDED from src\main\AndroidManifest.xml:78:12-46
intent-filter#action:name:com.timestamp.calculator.TCAppWidgetService
ADDED from src\main\AndroidManifest.xml:79:7-81:23
action#com.timestamp.calculator.TCAppWidgetService
ADDED from src\main\AndroidManifest.xml:80:11-79
	android:name
		ADDED from src\main\AndroidManifest.xml:80:19-77
receiver#com.timestamp.calculator.BootReceiver
ADDED from src\main\AndroidManifest.xml:84:9-88:20
	android:name
		ADDED from src\main\AndroidManifest.xml:84:19-71
intent-filter#action:name:android.intent.action.BOOT_COMPLETED
ADDED from src\main\AndroidManifest.xml:85:13-87:29
action#android.intent.action.BOOT_COMPLETED
ADDED from src\main\AndroidManifest.xml:86:17-78
	android:name
		ADDED from src\main\AndroidManifest.xml:86:25-76
uses-sdk
INJECTED from src\main\AndroidManifest.xml reason: use-sdk injection requested
INJECTED from src\main\AndroidManifest.xml
INJECTED from src\main\AndroidManifest.xml
	android:targetSdkVersion
		INJECTED from src\main\AndroidManifest.xml
		ADDED from src\main\AndroidManifest.xml
		INJECTED from src\main\AndroidManifest.xml